$ bash scripts/run-example hello-world
Running example: hello-world -> src/examples/hello-world/index.ts
[InputManager] created
[Engine] created title=Hello World size=800x600
[App] created
[SDLWindow] created title=Hello World size=640x360
[SDLRenderer] created
[Game] created
[Scene] created HelloWorldScene
[Game] setScene HelloWorldScene
[App] start
[Engine] run started
[Game] init
[Scene] init HelloWorldScene
============================================================
Bun v1.3.10 (30e609e0) Linux x64
Linux Kernel v6.18.13 | glibc v2.43
CPU: sse42 popcnt avx avx2
Args: "bun" "src/examples/hello-world/index.ts"
Features: jsc transpiler_cache tsconfig(2) 
Builtins: "bun:ffi" "bun:main" "node:fs" "node:path" 
Elapsed: 230ms | User: 179ms | Sys: 65ms
RSS: 1.11GB | Peak: 0.30GB | Commit: 1.11GB | Faults: 0 | Machine: 33.55GB

panic(main thread): Segmentation fault at address 0x1F1
oh no: Bun has crashed. This indicates a bug in Bun, not your code.

To send a redacted crash report to Bun's team,
please file a GitHub issue using the link below:

 https://bun.report/1.3.10/la130e609egDggggCy6u6nC+sxPA2Aif

scripts/run-example: line 16: 1796306 Illegal instruction        (core dumped) bun "$PATH_TO" "$@"
error: script "example" exited with code 132
